6.4.1_conda4.10.1_py38: Pulling from biolabs/snakemake
852e50cd189d: Pulling fs layer
a6236801494d: Pulling fs layer
679c171d6942: Pulling fs layer
a862f6964260: Pulling fs layer
8f084f4ae85d: Pulling fs layer
28c366f1dc2e: Pulling fs layer
9137c0f3b9db: Pulling fs layer
cd2ed8e3e644: Pulling fs layer
030448aace82: Pulling fs layer
052067605b97: Pulling fs layer
c21e5468129b: Pulling fs layer
8aad774f5547: Pulling fs layer
a862f6964260: Waiting
8f084f4ae85d: Waiting
25cad337c868: Pulling fs layer
774f229b4cb1: Pulling fs layer
28c366f1dc2e: Waiting
9137c0f3b9db: Waiting
030448aace82: Waiting
c3b134f9be85: Pulling fs layer
cd2ed8e3e644: Waiting
5e734207fbcb: Pulling fs layer
c21e5468129b: Waiting
25cad337c868: Waiting
052067605b97: Waiting
c3b134f9be85: Waiting
e84b271bb802: Pulling fs layer
1286bffe0528: Pulling fs layer
e2fac4700a3f: Pulling fs layer
e84b271bb802: Waiting
478bbed8ac76: Pulling fs layer
224f7a661e21: Pulling fs layer
7b92d7f1ac3b: Pulling fs layer
e2fac4700a3f: Waiting
224f7a661e21: Waiting
331f88574e4b: Pulling fs layer
fb497a18a01a: Pulling fs layer
0ace49a24c5f: Pulling fs layer
1fdca6280f5a: Pulling fs layer
5cb266913c45: Pulling fs layer
f5363ec7b756: Pulling fs layer
7b92d7f1ac3b: Waiting
fb497a18a01a: Waiting
331f88574e4b: Waiting
0ace49a24c5f: Waiting
1fdca6280f5a: Waiting
5cb266913c45: Waiting
f5363ec7b756: Waiting
852e50cd189d: Verifying Checksum
852e50cd189d: Download complete
679c171d6942: Verifying Checksum
679c171d6942: Download complete
8f084f4ae85d: Verifying Checksum
8f084f4ae85d: Download complete
a862f6964260: Verifying Checksum
a862f6964260: Download complete
28c366f1dc2e: Download complete
a6236801494d: Verifying Checksum
a6236801494d: Download complete
cd2ed8e3e644: Verifying Checksum
cd2ed8e3e644: Download complete
030448aace82: Verifying Checksum
030448aace82: Download complete
052067605b97: Download complete
852e50cd189d: Pull complete
c21e5468129b: Verifying Checksum
c21e5468129b: Download complete
9137c0f3b9db: Download complete
8aad774f5547: Verifying Checksum
8aad774f5547: Download complete
25cad337c868: Download complete
774f229b4cb1: Verifying Checksum
774f229b4cb1: Download complete
c3b134f9be85: Verifying Checksum
c3b134f9be85: Download complete
5e734207fbcb: Verifying Checksum
5e734207fbcb: Download complete
e2fac4700a3f: Verifying Checksum
e2fac4700a3f: Download complete
1286bffe0528: Verifying Checksum
1286bffe0528: Download complete
e84b271bb802: Verifying Checksum
e84b271bb802: Download complete
7b92d7f1ac3b: Download complete
478bbed8ac76: Verifying Checksum
478bbed8ac76: Download complete
331f88574e4b: Verifying Checksum
331f88574e4b: Download complete
0ace49a24c5f: Verifying Checksum
0ace49a24c5f: Download complete
fb497a18a01a: Download complete
1fdca6280f5a: Download complete
5cb266913c45: Verifying Checksum
5cb266913c45: Download complete
f5363ec7b756: Verifying Checksum
f5363ec7b756: Download complete
a6236801494d: Pull complete
679c171d6942: Pull complete
a862f6964260: Pull complete
8f084f4ae85d: Pull complete
28c366f1dc2e: Pull complete
224f7a661e21: Verifying Checksum
224f7a661e21: Download complete
9137c0f3b9db: Pull complete
cd2ed8e3e644: Pull complete
030448aace82: Pull complete
052067605b97: Pull complete
c21e5468129b: Pull complete
8aad774f5547: Pull complete
25cad337c868: Pull complete
774f229b4cb1: Pull complete
c3b134f9be85: Pull complete
5e734207fbcb: Pull complete
e84b271bb802: Pull complete
1286bffe0528: Pull complete
e2fac4700a3f: Pull complete
478bbed8ac76: Pull complete
224f7a661e21: Pull complete
7b92d7f1ac3b: Pull complete
331f88574e4b: Pull complete
fb497a18a01a: Pull complete
0ace49a24c5f: Pull complete
1fdca6280f5a: Pull complete
5cb266913c45: Pull complete
f5363ec7b756: Pull complete
Digest: sha256:4a116138b9e4dee13601f82e5f9fe30557c648a466624fa8dd0400f39a74c8aa
Status: Downloaded newer image for biolabs/snakemake:6.4.1_conda4.10.1_py38
docker.io/biolabs/snakemake:6.4.1_conda4.10.1_py38
Cmdline: cmd_wrapper.sh /home/carisa/.lsbatch/1691102280.94688
Set TMPDIR from $__LSF_JOB_TMPDIR__
Job uses tempdir: TMPDIR=/tmp/94688.tmpdir
Building DAG of jobs...
Using shell: /bin/bash
Provided cores: 32
Rules claiming more threads will be scaled down.
Job counts:
	count	jobs
	1	bam_bigwig
	1
Select jobs to execute...

[Thu Aug  3 22:39:06 2023]
rule bam_bigwig:
    input: results/bams_sorted/GSM1102785_CD14_H3K27me3_hg19.sorted.bam, results/bams_sorted/GSM1102785_CD14_H3K27me3_hg19.sorted.bai
    output: results/bigwig/GSM1102785_CD14_H3K27me3_hg19.bw
    log: logs/bigwig/GSM1102785_CD14_H3K27me3_hg19.bw.log
    jobid: 0
    benchmark: logs/benchmarks/bigwig/GSM1102785_CD14_H3K27me3_hg19.bw.txt
    wildcards: sample=GSM1102785_CD14_H3K27me3, genome=hg19

bamCoverage -b results/bams_sorted/GSM1102785_CD14_H3K27me3_hg19.sorted.bam -o results/bigwig/GSM1102785_CD14_H3K27me3_hg19.bw &> logs/bigwig/GSM1102785_CD14_H3K27me3_hg19.bw.log
Activating conda environment: /scratch1/fs1/martyomov/carisa/chipseq-smk-pipeline-edu/.snakemake/conda/56a8cd6755a0b273be6114da236dcc79
[Thu Aug  3 22:40:14 2023]
Finished job 0.
1 of 1 steps (100%) done

------------------------------------------------------------
Sender: LSF System <lsfadmin@compute1-exec-43.ris.wustl.edu>
Subject: Job 94688: <sj13.bam_bigwig.2691.sample=GSM1102785_CD14_H3K27me3.genome=hg19> in cluster <compute1-lsf> Done

Job <sj13.bam_bigwig.2691.sample=GSM1102785_CD14_H3K27me3.genome=hg19> was submitted from host <compute1-exec-68.ris.wustl.edu> by user <carisa> in cluster <compute1-lsf> at Thu Aug  3 17:38:00 2023
Job was executed on host(s) <compute1-exec-43.ris.wustl.edu>, in queue <general>, as user <carisa> in cluster <compute1-lsf> at Thu Aug  3 17:38:01 2023
</home/carisa> was used as the home directory.
</home/carisa> was used as the working directory.
Started at Thu Aug  3 17:38:01 2023
Terminated at Thu Aug  3 17:40:19 2023
Results reported at Thu Aug  3 17:40:19 2023

Your job looked like:

------------------------------------------------------------
# LSBATCH: User input
/scratch1/fs1/martyomov/carisa/chipseq-smk-pipeline-edu/.snakemake/tmp.tvvzq05b/snakejob.bam_bigwig.13.sh
------------------------------------------------------------

Successfully completed.

Resource usage summary:

    CPU time :                                   79.41 sec.
    Max Memory :                                 195 MB
    Average Memory :                             94.56 MB
    Total Requested Memory :                     4000.00 MB
    Delta Memory :                               3805.00 MB
    Max Swap :                                   189 MB
    Max Processes :                              10
    Max Threads :                                22
    Run time :                                   138 sec.
    Turnaround time :                            139 sec.

The output (if any) is above this job summary.

