latest: Pulling from snakemake/snakemake
5768ab67ba8c: Pulling fs layer
88cf1f5ea1b7: Pulling fs layer
4f4fb700ef54: Pulling fs layer
59636baf209f: Pulling fs layer
037ac19dd17d: Pulling fs layer
c1088bbaaa43: Pulling fs layer
ee049ed8901f: Pulling fs layer
ee049ed8901f: Waiting
59636baf209f: Waiting
037ac19dd17d: Waiting
c1088bbaaa43: Waiting
4f4fb700ef54: Verifying Checksum
4f4fb700ef54: Download complete
88cf1f5ea1b7: Verifying Checksum
88cf1f5ea1b7: Download complete
5768ab67ba8c: Download complete
59636baf209f: Verifying Checksum
59636baf209f: Download complete
ee049ed8901f: Verifying Checksum
ee049ed8901f: Download complete
5768ab67ba8c: Pull complete
88cf1f5ea1b7: Pull complete
4f4fb700ef54: Pull complete
037ac19dd17d: Verifying Checksum
037ac19dd17d: Download complete
c1088bbaaa43: Download complete
59636baf209f: Pull complete
037ac19dd17d: Pull complete
c1088bbaaa43: Pull complete
ee049ed8901f: Pull complete
Digest: sha256:1351b660bc80f7ccc9e2a6d1ab3e2e514f932453b516c550cc449e09723317a3
Status: Image is up to date for snakemake/snakemake:latest
docker.io/snakemake/snakemake:latest
Set TMPDIR from $__LSF_JOB_TMPDIR__
Job uses tempdir: TMPDIR=/tmp/140573.tmpdir
Building DAG of jobs...
Your conda installation is not configured to use strict channel priorities. This is however crucial for having robust and correct environments (for details, see https://conda-forge.org/docs/user/tipsandtricks.html). Please consider to configure strict priorities by executing 'conda config --set channel_priority strict'.
Using shell: /bin/bash
Provided cores: 32
Rules claiming more threads will be scaled down.
Provided resources: mem_mb=1000, mem_mib=954, disk_mb=1000, disk_mib=954
Select jobs to execute...

[Sun Aug  6 04:44:13 2023]
rule bam_bigwig:
    input: results/bams_sorted/GSM1102788_CD14_H3K36me3_hg19.sorted.bam, results/bams_sorted/GSM1102788_CD14_H3K36me3_hg19.sorted.bai
    output: results/bigwig/GSM1102788_CD14_H3K36me3_hg19.bw
    log: logs/bigwig/GSM1102788_CD14_H3K36me3_hg19.bw.log
    jobid: 0
    benchmark: logs/benchmarks/bigwig/GSM1102788_CD14_H3K36me3_hg19.bw.txt
    reason: Missing output files: results/bigwig/GSM1102788_CD14_H3K36me3_hg19.bw
    wildcards: sample=GSM1102788_CD14_H3K36me3, genome=hg19
    resources: mem_mb=1000, mem_mib=954, disk_mb=1000, disk_mib=954, tmpdir=/tmp/140573.tmpdir

bamCoverage -b results/bams_sorted/GSM1102788_CD14_H3K36me3_hg19.sorted.bam -o results/bigwig/GSM1102788_CD14_H3K36me3_hg19.bw &> logs/bigwig/GSM1102788_CD14_H3K36me3_hg19.bw.log
Activating conda environment: .snakemake/conda/56a8cd6755a0b273be6114da236dcc79
[Sun Aug  6 04:45:24 2023]
Finished job 0.
1 of 1 steps (100%) done
