latest: Pulling from snakemake/snakemake
Digest: sha256:1351b660bc80f7ccc9e2a6d1ab3e2e514f932453b516c550cc449e09723317a3
Status: Image is up to date for snakemake/snakemake:latest
docker.io/snakemake/snakemake:latest
Set TMPDIR from $__LSF_JOB_TMPDIR__
Job uses tempdir: TMPDIR=/tmp/140565.tmpdir
Building DAG of jobs...
Your conda installation is not configured to use strict channel priorities. This is however crucial for having robust and correct environments (for details, see https://conda-forge.org/docs/user/tipsandtricks.html). Please consider to configure strict priorities by executing 'conda config --set channel_priority strict'.
Using shell: /bin/bash
Provided cores: 32
Rules claiming more threads will be scaled down.
Provided resources: mem_mb=1000, mem_mib=954, disk_mb=1000, disk_mib=954
Select jobs to execute...

[Sun Aug  6 04:43:07 2023]
rule bam_sort:
    input: results/bams/GSM1102785_CD14_H3K27me3_hg19.bam
    output: results/bams_sorted/GSM1102785_CD14_H3K27me3_hg19.sorted.bam, results/bams_sorted/GSM1102785_CD14_H3K27me3_hg19.sorted.bai
    log: logs/bams_sorted/GSM1102785_CD14_H3K27me3_hg19.sorted.bam.log
    jobid: 0
    benchmark: logs/benchmarks/bams_sorted/GSM1102785_CD14_H3K27me3_hg19.sorted.bam.txt
    reason: Missing output files: results/bams_sorted/GSM1102785_CD14_H3K27me3_hg19.sorted.bam, results/bams_sorted/GSM1102785_CD14_H3K27me3_hg19.sorted.bai
    wildcards: sample=GSM1102785_CD14_H3K27me3, genome=hg19
    resources: mem_mb=1000, mem_mib=954, disk_mb=1000, disk_mib=954, tmpdir=/tmp/140565.tmpdir

python -c "from __future__ import print_function; import sys, json; print(json.dumps([sys.version_info.major, sys.version_info.minor]))"
Activating conda environment: .snakemake/conda/6341e136b80076549322f24e1a7cc00a
python /scratch1/fs1/martyomov/carisa/chipseq-smk-pipeline-edu/.snakemake/scripts/tmpd09dkmp0.wrapper.py
Activating conda environment: .snakemake/conda/6341e136b80076549322f24e1a7cc00a
picard SortSam  -Xmx1000M VALIDATION_STRINGENCY=LENIENT CREATE_INDEX=TRUE INPUT=results/bams/GSM1102785_CD14_H3K27me3_hg19.bam OUTPUT=results/bams_sorted/GSM1102785_CD14_H3K27me3_hg19.sorted.bam SORT_ORDER=coordinate  2> logs/bams_sorted/GSM1102785_CD14_H3K27me3_hg19.sorted.bam.log
Not cleaning up /scratch1/fs1/martyomov/carisa/chipseq-smk-pipeline-edu/.snakemake/scripts/tmpd09dkmp0.wrapper.py
[Sun Aug  6 04:43:20 2023]
Finished job 0.
1 of 1 steps (100%) done
