latest: Pulling from snakemake/snakemake
5768ab67ba8c: Pulling fs layer
88cf1f5ea1b7: Pulling fs layer
4f4fb700ef54: Pulling fs layer
59636baf209f: Pulling fs layer
037ac19dd17d: Pulling fs layer
c1088bbaaa43: Pulling fs layer
ee049ed8901f: Pulling fs layer
59636baf209f: Waiting
037ac19dd17d: Waiting
ee049ed8901f: Waiting
c1088bbaaa43: Waiting
4f4fb700ef54: Verifying Checksum
88cf1f5ea1b7: Verifying Checksum
88cf1f5ea1b7: Download complete
5768ab67ba8c: Verifying Checksum
5768ab67ba8c: Download complete
59636baf209f: Verifying Checksum
59636baf209f: Download complete
ee049ed8901f: Download complete
5768ab67ba8c: Pull complete
88cf1f5ea1b7: Pull complete
4f4fb700ef54: Pull complete
037ac19dd17d: Verifying Checksum
c1088bbaaa43: Verifying Checksum
c1088bbaaa43: Download complete
59636baf209f: Pull complete
037ac19dd17d: Pull complete
c1088bbaaa43: Pull complete
ee049ed8901f: Pull complete
Digest: sha256:1351b660bc80f7ccc9e2a6d1ab3e2e514f932453b516c550cc449e09723317a3
Status: Image is up to date for snakemake/snakemake:latest
docker.io/snakemake/snakemake:latest
Set TMPDIR from $__LSF_JOB_TMPDIR__
Job uses tempdir: TMPDIR=/tmp/140555.tmpdir
Building DAG of jobs...
Your conda installation is not configured to use strict channel priorities. This is however crucial for having robust and correct environments (for details, see https://conda-forge.org/docs/user/tipsandtricks.html). Please consider to configure strict priorities by executing 'conda config --set channel_priority strict'.
Using shell: /bin/bash
Provided cores: 32
Rules claiming more threads will be scaled down.
Provided resources: mem_mb=8037, mem_mib=7665, disk_mb=8037, disk_mib=7665
Select jobs to execute...

[Sun Aug  6 04:42:29 2023]
rule align_reads_se:
    input: reads/SRX252734/SRR787515.chr15.fastq, results/indexes/hg19/hg19.1.bt2, results/indexes/hg19/hg19.2.bt2, results/indexes/hg19/hg19.3.bt2, results/indexes/hg19/hg19.4.bt2, results/indexes/hg19/hg19.rev.1.bt2, results/indexes/hg19/hg19.rev.2.bt2
    output: results/bams/GSM1102797_CD14_H3K4me3_hg19.bam
    log: logs/bams/GSM1102797_CD14_H3K4me3_hg19.bam.log
    jobid: 0
    benchmark: logs/benchmarks/bams/GSM1102797_CD14_H3K4me3_hg19.bam.txt
    reason: Missing output files: results/bams/GSM1102797_CD14_H3K4me3_hg19.bam
    wildcards: sample=GSM1102797_CD14_H3K4me3, genome=hg19
    threads: 4
    resources: mem_mb=8037, mem_mib=7665, disk_mb=8037, disk_mib=7665, tmpdir=/tmp/140555.tmpdir

python -c "from __future__ import print_function; import sys, json; print(json.dumps([sys.version_info.major, sys.version_info.minor]))"
Activating conda environment: .snakemake/conda/94f77c0dfe3f3a14358ceab7b36b463d
python /scratch1/fs1/martyomov/carisa/chipseq-smk-pipeline-edu/.snakemake/scripts/tmp7_uyv3vo.wrapper.py
Activating conda environment: .snakemake/conda/94f77c0dfe3f3a14358ceab7b36b463d
(bowtie2 --threads 4  -x results/indexes/hg19/hg19 -U reads/SRX252734/SRR787515.chr15.fastq | samtools view -Sbh -o results/bams/GSM1102797_CD14_H3K4me3_hg19.bam -)  > logs/bams/GSM1102797_CD14_H3K4me3_hg19.bam.log 2>&1
Not cleaning up /scratch1/fs1/martyomov/carisa/chipseq-smk-pipeline-edu/.snakemake/scripts/tmp7_uyv3vo.wrapper.py
[Sun Aug  6 04:42:44 2023]
Finished job 0.
1 of 1 steps (100%) done
