Sender: LSF System <lsfadmin@compute1-exec-73.ris.wustl.edu>
Subject: Job 94590: <sj10.align_reads_se.1764.sample=GSM1102782_CD14_H3K27ac.genome=hg19> in cluster <compute1-lsf> Done

Job <sj10.align_reads_se.1764.sample=GSM1102782_CD14_H3K27ac.genome=hg19> was submitted from host <compute1-exec-68.ris.wustl.edu> by user <carisa> in cluster <compute1-lsf> at Thu Aug  3 17:35:20 2023
Job was executed on host(s) <4*compute1-exec-73.ris.wustl.edu>, in queue <general>, as user <carisa> in cluster <compute1-lsf> at Thu Aug  3 17:35:21 2023
</home/carisa> was used as the home directory.
</home/carisa> was used as the working directory.
Started at Thu Aug  3 17:35:21 2023
Terminated at Thu Aug  3 17:36:29 2023
Results reported at Thu Aug  3 17:36:29 2023

Your job looked like:

------------------------------------------------------------
# LSBATCH: User input
/scratch1/fs1/martyomov/carisa/chipseq-smk-pipeline-edu/.snakemake/tmp.tvvzq05b/snakejob.align_reads_se.10.sh
------------------------------------------------------------

Successfully completed.

Resource usage summary:

    CPU time :                                   163561072.00 sec.
    Max Memory :                                 56146629 MB
    Average Memory :                             22458654.00 MB
    Total Requested Memory :                     4000.00 MB
    Delta Memory :                               -56142628.00 MB
    Max Swap :                                   -
    Max Processes :                              5
    Max Threads :                                23
    Run time :                                   71 sec.
    Turnaround time :                            69 sec.

The output (if any) follows:

6.4.1_conda4.10.1_py38: Pulling from biolabs/snakemake
852e50cd189d: Already exists
a6236801494d: Already exists
679c171d6942: Already exists
a862f6964260: Pulling fs layer
8f084f4ae85d: Pulling fs layer
28c366f1dc2e: Pulling fs layer
9137c0f3b9db: Pulling fs layer
cd2ed8e3e644: Pulling fs layer
030448aace82: Pulling fs layer
052067605b97: Pulling fs layer
c21e5468129b: Pulling fs layer
8aad774f5547: Pulling fs layer
25cad337c868: Pulling fs layer
774f229b4cb1: Pulling fs layer
c3b134f9be85: Pulling fs layer
5e734207fbcb: Pulling fs layer
e84b271bb802: Pulling fs layer
1286bffe0528: Pulling fs layer
9137c0f3b9db: Waiting
e2fac4700a3f: Pulling fs layer
478bbed8ac76: Pulling fs layer
c3b134f9be85: Waiting
cd2ed8e3e644: Waiting
c21e5468129b: Waiting
224f7a661e21: Pulling fs layer
030448aace82: Waiting
7b92d7f1ac3b: Pulling fs layer
052067605b97: Waiting
331f88574e4b: Pulling fs layer
e84b271bb802: Waiting
fb497a18a01a: Pulling fs layer
e2fac4700a3f: Waiting
7b92d7f1ac3b: Waiting
0ace49a24c5f: Pulling fs layer
25cad337c868: Waiting
1fdca6280f5a: Pulling fs layer
774f229b4cb1: Waiting
331f88574e4b: Waiting
fb497a18a01a: Waiting
224f7a661e21: Waiting
1286bffe0528: Waiting
1fdca6280f5a: Waiting
5cb266913c45: Pulling fs layer
f5363ec7b756: Pulling fs layer
0ace49a24c5f: Waiting
5cb266913c45: Waiting
f5363ec7b756: Waiting
28c366f1dc2e: Verifying Checksum
28c366f1dc2e: Download complete
8f084f4ae85d: Download complete
a862f6964260: Verifying Checksum
a862f6964260: Download complete
cd2ed8e3e644: Verifying Checksum
cd2ed8e3e644: Download complete
052067605b97: Download complete
030448aace82: Verifying Checksum
030448aace82: Download complete
c21e5468129b: Verifying Checksum
c21e5468129b: Download complete
8aad774f5547: Download complete
25cad337c868: Verifying Checksum
25cad337c868: Download complete
a862f6964260: Pull complete
774f229b4cb1: Verifying Checksum
774f229b4cb1: Download complete
c3b134f9be85: Verifying Checksum
c3b134f9be85: Download complete
8f084f4ae85d: Pull complete
5e734207fbcb: Verifying Checksum
5e734207fbcb: Download complete
28c366f1dc2e: Pull complete
1286bffe0528: Verifying Checksum
1286bffe0528: Download complete
9137c0f3b9db: Verifying Checksum
9137c0f3b9db: Download complete
e2fac4700a3f: Verifying Checksum
e2fac4700a3f: Download complete
e84b271bb802: Verifying Checksum
7b92d7f1ac3b: Download complete
331f88574e4b: Verifying Checksum
331f88574e4b: Download complete
478bbed8ac76: Verifying Checksum
478bbed8ac76: Download complete
fb497a18a01a: Verifying Checksum
fb497a18a01a: Download complete
0ace49a24c5f: Verifying Checksum
0ace49a24c5f: Download complete
1fdca6280f5a: Verifying Checksum
1fdca6280f5a: Download complete
5cb266913c45: Verifying Checksum
5cb266913c45: Download complete
f5363ec7b756: Verifying Checksum
f5363ec7b756: Download complete
9137c0f3b9db: Pull complete
cd2ed8e3e644: Pull complete
030448aace82: Pull complete
052067605b97: Pull complete
c21e5468129b: Pull complete
8aad774f5547: Pull complete
25cad337c868: Pull complete
774f229b4cb1: Pull complete
c3b134f9be85: Pull complete
5e734207fbcb: Pull complete
224f7a661e21: Verifying Checksum
224f7a661e21: Download complete
e84b271bb802: Pull complete
1286bffe0528: Pull complete
e2fac4700a3f: Pull complete
478bbed8ac76: Pull complete
224f7a661e21: Pull complete
7b92d7f1ac3b: Pull complete
331f88574e4b: Pull complete
fb497a18a01a: Pull complete
0ace49a24c5f: Pull complete
1fdca6280f5a: Pull complete
5cb266913c45: Pull complete
f5363ec7b756: Pull complete
Digest: sha256:4a116138b9e4dee13601f82e5f9fe30557c648a466624fa8dd0400f39a74c8aa
Status: Downloaded newer image for biolabs/snakemake:6.4.1_conda4.10.1_py38
docker.io/biolabs/snakemake:6.4.1_conda4.10.1_py38
Cmdline: cmd_wrapper.sh /home/carisa/.lsbatch/1691102120.94590
Set TMPDIR from $__LSF_JOB_TMPDIR__
Job uses tempdir: TMPDIR=/tmp/94590.tmpdir
Building DAG of jobs...
Using shell: /bin/bash
Provided cores: 32
Rules claiming more threads will be scaled down.
Job counts:
	count	jobs
	1	align_reads_se
	1
Select jobs to execute...

[Thu Aug  3 22:36:05 2023]
rule align_reads_se:
    input: reads/SRX252719/SRR787552.chr15.fastq, results/indexes/hg19/hg19.1.bt2, results/indexes/hg19/hg19.2.bt2, results/indexes/hg19/hg19.3.bt2, results/indexes/hg19/hg19.4.bt2, results/indexes/hg19/hg19.rev.1.bt2, results/indexes/hg19/hg19.rev.2.bt2
    output: results/bams/GSM1102782_CD14_H3K27ac_hg19.bam
    log: logs/bams/GSM1102782_CD14_H3K27ac_hg19.bam.log
    jobid: 0
    benchmark: logs/benchmarks/bams/GSM1102782_CD14_H3K27ac_hg19.bam.txt
    wildcards: sample=GSM1102782_CD14_H3K27ac, genome=hg19
    threads: 4

python -c "import sys; print('.'.join(map(str, sys.version_info[:2])))"
Activating conda environment: /scratch1/fs1/martyomov/carisa/chipseq-smk-pipeline-edu/.snakemake/conda/94f77c0dfe3f3a14358ceab7b36b463d
python /scratch1/fs1/martyomov/carisa/chipseq-smk-pipeline-edu/.snakemake/scripts/tmp524s7fwm.wrapper.py
Activating conda environment: /scratch1/fs1/martyomov/carisa/chipseq-smk-pipeline-edu/.snakemake/conda/94f77c0dfe3f3a14358ceab7b36b463d
(bowtie2 --threads 4  -x results/indexes/hg19/hg19 -U reads/SRX252719/SRR787552.chr15.fastq | samtools view -Sbh -o results/bams/GSM1102782_CD14_H3K27ac_hg19.bam -)  > logs/bams/GSM1102782_CD14_H3K27ac_hg19.bam.log 2>&1
[Thu Aug  3 22:36:21 2023]
Finished job 0.
1 of 1 steps (100%) done
