latest: Pulling from snakemake/snakemake
5768ab67ba8c: Pulling fs layer
88cf1f5ea1b7: Pulling fs layer
4f4fb700ef54: Pulling fs layer
59636baf209f: Pulling fs layer
037ac19dd17d: Pulling fs layer
c1088bbaaa43: Pulling fs layer
ee049ed8901f: Pulling fs layer
ee049ed8901f: Waiting
59636baf209f: Waiting
037ac19dd17d: Waiting
c1088bbaaa43: Waiting
4f4fb700ef54: Verifying Checksum
4f4fb700ef54: Download complete
88cf1f5ea1b7: Verifying Checksum
88cf1f5ea1b7: Download complete
5768ab67ba8c: Verifying Checksum
5768ab67ba8c: Download complete
59636baf209f: Verifying Checksum
59636baf209f: Download complete
ee049ed8901f: Download complete
5768ab67ba8c: Pull complete
037ac19dd17d: Verifying Checksum
037ac19dd17d: Download complete
88cf1f5ea1b7: Pull complete
4f4fb700ef54: Pull complete
c1088bbaaa43: Verifying Checksum
c1088bbaaa43: Download complete
59636baf209f: Pull complete
037ac19dd17d: Pull complete
c1088bbaaa43: Pull complete
ee049ed8901f: Pull complete
Digest: sha256:1351b660bc80f7ccc9e2a6d1ab3e2e514f932453b516c550cc449e09723317a3
Status: Image is up to date for snakemake/snakemake:latest
docker.io/snakemake/snakemake:latest
Set TMPDIR from $__LSF_JOB_TMPDIR__
Job uses tempdir: TMPDIR=/tmp/139697.tmpdir
Building DAG of jobs...
Your conda installation is not configured to use strict channel priorities. This is however crucial for having robust and correct environments (for details, see https://conda-forge.org/docs/user/tipsandtricks.html). Please consider to configure strict priorities by executing 'conda config --set channel_priority strict'.
Using shell: /bin/bash
Provided cores: 32
Rules claiming more threads will be scaled down.
Provided resources: mem_mb=1000, mem_mib=954, disk_mb=1000, disk_mib=954
Select jobs to execute...

[Sat Aug  5 23:01:30 2023]
rule reads_fastqc:
    input: reads/SRX252722/SRR787528.chr15.fastq
    output: results/qc/fastqc/GSM1102785_CD14_H3K27me3.html, results/qc/fastqc/GSM1102785_CD14_H3K27me3_fastqc.zip
    log: logs/qc/fastqc/GSM1102785_CD14_H3K27me3.html.log
    jobid: 0
    reason: Missing output files: results/qc/fastqc/GSM1102785_CD14_H3K27me3.html, results/qc/fastqc/GSM1102785_CD14_H3K27me3_fastqc.zip
    wildcards: sample=GSM1102785_CD14_H3K27me3
    threads: 2
    resources: mem_mb=1000, mem_mib=954, disk_mb=1000, disk_mib=954, tmpdir=/tmp/139697.tmpdir

/opt/conda/envs/snakemake/bin/python3.11 /scratch1/fs1/martyomov/carisa/chipseq-smk-pipeline-edu/.snakemake/scripts/tmpqoe55zg6.wrapper.py
Activating conda environment: .snakemake/conda/978900a19b5ceff48a633694e8144556
fastqc  -t 2 --outdir /tmp/139697.tmpdir/tmpz0v3mko1 reads/SRX252722/SRR787528.chr15.fastq  > logs/qc/fastqc/GSM1102785_CD14_H3K27me3.html.log 2>&1
mv /tmp/139697.tmpdir/tmpz0v3mko1/SRR787528.chr15_fastqc.html results/qc/fastqc/GSM1102785_CD14_H3K27me3.html
mv /tmp/139697.tmpdir/tmpz0v3mko1/SRR787528.chr15_fastqc.zip results/qc/fastqc/GSM1102785_CD14_H3K27me3_fastqc.zip
Not cleaning up /scratch1/fs1/martyomov/carisa/chipseq-smk-pipeline-edu/.snakemake/scripts/tmpqoe55zg6.wrapper.py
[Sat Aug  5 23:01:35 2023]
Finished job 0.
1 of 1 steps (100%) done
