perl: warning: Setting locale failed.
perl: warning: Please check that your locale settings:
	LANGUAGE = (unset),
	LC_ALL = (unset),
	LC_CTYPE = "C.UTF-8",
	LANG = "en_US.UTF-8"
    are supported and installed on your system.
perl: warning: Falling back to the standard locale ("C").
Started analysis of SRR787524.chr15.fastq
Approx 5% complete for SRR787524.chr15.fastq
Approx 10% complete for SRR787524.chr15.fastq
Approx 15% complete for SRR787524.chr15.fastq
Approx 20% complete for SRR787524.chr15.fastq
Approx 25% complete for SRR787524.chr15.fastq
Approx 30% complete for SRR787524.chr15.fastq
Approx 35% complete for SRR787524.chr15.fastq
Approx 40% complete for SRR787524.chr15.fastq
Approx 45% complete for SRR787524.chr15.fastq
Approx 50% complete for SRR787524.chr15.fastq
Approx 55% complete for SRR787524.chr15.fastq
Approx 60% complete for SRR787524.chr15.fastq
Approx 65% complete for SRR787524.chr15.fastq
Approx 70% complete for SRR787524.chr15.fastq
Approx 75% complete for SRR787524.chr15.fastq
Approx 80% complete for SRR787524.chr15.fastq
Approx 85% complete for SRR787524.chr15.fastq
Approx 90% complete for SRR787524.chr15.fastq
Approx 95% complete for SRR787524.chr15.fastq
Analysis complete for SRR787524.chr15.fastq
