6.4.1_conda4.10.1_py38: Pulling from biolabs/snakemake
852e50cd189d: Already exists
a6236801494d: Already exists
679c171d6942: Already exists
a862f6964260: Pulling fs layer
8f084f4ae85d: Pulling fs layer
28c366f1dc2e: Pulling fs layer
9137c0f3b9db: Pulling fs layer
cd2ed8e3e644: Pulling fs layer
8f084f4ae85d: Waiting
030448aace82: Pulling fs layer
28c366f1dc2e: Waiting
052067605b97: Pulling fs layer
c21e5468129b: Pulling fs layer
030448aace82: Waiting
052067605b97: Waiting
8aad774f5547: Pulling fs layer
c21e5468129b: Waiting
25cad337c868: Pulling fs layer
774f229b4cb1: Pulling fs layer
c3b134f9be85: Pulling fs layer
5e734207fbcb: Pulling fs layer
8aad774f5547: Waiting
25cad337c868: Waiting
e84b271bb802: Pulling fs layer
1286bffe0528: Pulling fs layer
5e734207fbcb: Waiting
e84b271bb802: Waiting
a862f6964260: Waiting
e2fac4700a3f: Pulling fs layer
478bbed8ac76: Pulling fs layer
1286bffe0528: Waiting
224f7a661e21: Pulling fs layer
7b92d7f1ac3b: Pulling fs layer
224f7a661e21: Waiting
478bbed8ac76: Waiting
331f88574e4b: Pulling fs layer
fb497a18a01a: Pulling fs layer
7b92d7f1ac3b: Waiting
331f88574e4b: Waiting
0ace49a24c5f: Pulling fs layer
1fdca6280f5a: Pulling fs layer
fb497a18a01a: Waiting
5cb266913c45: Pulling fs layer
1fdca6280f5a: Waiting
f5363ec7b756: Pulling fs layer
5cb266913c45: Waiting
f5363ec7b756: Waiting
a862f6964260: Download complete
28c366f1dc2e: Verifying Checksum
28c366f1dc2e: Download complete
8f084f4ae85d: Verifying Checksum
8f084f4ae85d: Download complete
9137c0f3b9db: Verifying Checksum
9137c0f3b9db: Download complete
a862f6964260: Pull complete
cd2ed8e3e644: Verifying Checksum
cd2ed8e3e644: Download complete
030448aace82: Download complete
052067605b97: Verifying Checksum
052067605b97: Download complete
8f084f4ae85d: Pull complete
c21e5468129b: Verifying Checksum
c21e5468129b: Download complete
28c366f1dc2e: Pull complete
25cad337c868: Verifying Checksum
25cad337c868: Download complete
8aad774f5547: Verifying Checksum
8aad774f5547: Download complete
c3b134f9be85: Verifying Checksum
c3b134f9be85: Download complete
774f229b4cb1: Verifying Checksum
774f229b4cb1: Download complete
5e734207fbcb: Download complete
1286bffe0528: Download complete
e2fac4700a3f: Download complete
e84b271bb802: Verifying Checksum
e84b271bb802: Download complete
478bbed8ac76: Download complete
7b92d7f1ac3b: Verifying Checksum
7b92d7f1ac3b: Download complete
9137c0f3b9db: Pull complete
cd2ed8e3e644: Pull complete
331f88574e4b: Download complete
fb497a18a01a: Verifying Checksum
fb497a18a01a: Download complete
0ace49a24c5f: Verifying Checksum
0ace49a24c5f: Download complete
1fdca6280f5a: Download complete
5cb266913c45: Download complete
f5363ec7b756: Download complete
224f7a661e21: Verifying Checksum
224f7a661e21: Download complete
030448aace82: Pull complete
052067605b97: Pull complete
c21e5468129b: Pull complete
8aad774f5547: Pull complete
25cad337c868: Pull complete
774f229b4cb1: Pull complete
c3b134f9be85: Pull complete
5e734207fbcb: Pull complete
e84b271bb802: Pull complete
1286bffe0528: Pull complete
e2fac4700a3f: Pull complete
478bbed8ac76: Pull complete
224f7a661e21: Pull complete
7b92d7f1ac3b: Pull complete
331f88574e4b: Pull complete
fb497a18a01a: Pull complete
0ace49a24c5f: Pull complete
1fdca6280f5a: Pull complete
5cb266913c45: Pull complete
f5363ec7b756: Pull complete
Digest: sha256:4a116138b9e4dee13601f82e5f9fe30557c648a466624fa8dd0400f39a74c8aa
Status: Downloaded newer image for biolabs/snakemake:6.4.1_conda4.10.1_py38
docker.io/biolabs/snakemake:6.4.1_conda4.10.1_py38
Cmdline: cmd_wrapper.sh /home/carisa/.lsbatch/1691099749.93953
Set TMPDIR from $__LSF_JOB_TMPDIR__
Job uses tempdir: TMPDIR=/tmp/93953.tmpdir
Building DAG of jobs...
Using shell: /bin/bash
Provided cores: 32
Rules claiming more threads will be scaled down.
Job counts:
	count	jobs
	1	reads_fastqc
	1
Select jobs to execute...

[Thu Aug  3 21:57:13 2023]
rule reads_fastqc:
    input: reads/SRX252744/SRR787513.chr15.fastq
    output: results/qc/fastqc/GSM1102807_CD14_input.html, results/qc/fastqc/GSM1102807_CD14_input_fastqc.zip
    log: logs/qc/fastqc/GSM1102807_CD14_input.html.log
    jobid: 0
    wildcards: sample=GSM1102807_CD14_input
    threads: 2

/opt/conda/bin/python3.8 /scratch1/fs1/martyomov/carisa/chipseq-smk-pipeline-edu/.snakemake/scripts/tmp8hlr254c.wrapper.py
Activating conda environment: /scratch1/fs1/martyomov/carisa/chipseq-smk-pipeline-edu/.snakemake/conda/978900a19b5ceff48a633694e8144556
fastqc  -t 2 --outdir /tmp/93953.tmpdir/tmpfyznlrwi reads/SRX252744/SRR787513.chr15.fastq  > logs/qc/fastqc/GSM1102807_CD14_input.html.log 2>&1
mv /tmp/93953.tmpdir/tmpfyznlrwi/SRR787513.chr15_fastqc.html results/qc/fastqc/GSM1102807_CD14_input.html
mv /tmp/93953.tmpdir/tmpfyznlrwi/SRR787513.chr15_fastqc.zip results/qc/fastqc/GSM1102807_CD14_input_fastqc.zip
[Thu Aug  3 21:57:17 2023]
Finished job 0.
1 of 1 steps (100%) done

------------------------------------------------------------
Sender: LSF System <lsfadmin@compute1-exec-158.ris.wustl.edu>
Subject: Job 93953: <sj7.reads_fastqc.100.sample=GSM1102807_CD14_input> in cluster <compute1-lsf> Done

Job <sj7.reads_fastqc.100.sample=GSM1102807_CD14_input> was submitted from host <compute1-exec-68.ris.wustl.edu> by user <carisa> in cluster <compute1-lsf> at Thu Aug  3 16:55:49 2023
Job was executed on host(s) <2*compute1-exec-158.ris.wustl.edu>, in queue <general>, as user <carisa> in cluster <compute1-lsf> at Thu Aug  3 16:55:50 2023
</home/carisa> was used as the home directory.
</home/carisa> was used as the working directory.
Started at Thu Aug  3 16:55:50 2023
Terminated at Thu Aug  3 16:57:20 2023
Results reported at Thu Aug  3 16:57:20 2023

Your job looked like:

------------------------------------------------------------
# LSBATCH: User input
/scratch1/fs1/martyomov/carisa/chipseq-smk-pipeline-edu/.snakemake/tmp.tvvzq05b/snakejob.reads_fastqc.7.sh
------------------------------------------------------------

Successfully completed.

Resource usage summary:

    CPU time :                                   10.34 sec.
    Max Memory :                                 9 MB
    Average Memory :                             8.31 MB
    Total Requested Memory :                     4000.00 MB
    Delta Memory :                               3991.00 MB
    Max Swap :                                   -
    Max Processes :                              5
    Max Threads :                                21
    Run time :                                   89 sec.
    Turnaround time :                            91 sec.

The output (if any) is above this job summary.

