INFO  @ Sun, 06 Aug 2023 04:43:50: 
# Command line: callpeak -t results/bams_sorted/GSM1102793_CD14_H3K4me1_hg19.sorted.bam --outdir results/macs2 -n GSM1102793_CD14_H3K4me1_hg19 -f BAM -g hs
# ARGUMENTS LIST:
# name = GSM1102793_CD14_H3K4me1_hg19
# format = BAM
# ChIP-seq file = ['results/bams_sorted/GSM1102793_CD14_H3K4me1_hg19.sorted.bam']
# control file = None
# effective genome size = 2.70e+09
# band width = 300
# model fold = [5, 50]
# qvalue cutoff = 5.00e-02
# The maximum gap between significant sites is assigned as the read length/tag size.
# The minimum length of peaks is assigned as the predicted fragment length "d".
# Larger dataset will be scaled towards smaller dataset.
# Range for calculating regional lambda is: 10000 bps
# Broad region calling is off
# Paired-End mode is off
 
INFO  @ Sun, 06 Aug 2023 04:43:50: #1 read tag files... 
INFO  @ Sun, 06 Aug 2023 04:43:50: #1 read treatment tags... 
INFO  @ Sun, 06 Aug 2023 04:43:51:  1000000 
INFO  @ Sun, 06 Aug 2023 04:43:52: 1214202 reads have been read. 
INFO  @ Sun, 06 Aug 2023 04:43:52: #1 tag size is determined as 36 bps 
INFO  @ Sun, 06 Aug 2023 04:43:52: #1 tag size = 36.0 
INFO  @ Sun, 06 Aug 2023 04:43:52: #1  total tags in treatment: 1214202 
INFO  @ Sun, 06 Aug 2023 04:43:52: #1 user defined the maximum tags... 
INFO  @ Sun, 06 Aug 2023 04:43:52: #1 filter out redundant tags at the same location and the same strand by allowing at most 1 tag(s) 
INFO  @ Sun, 06 Aug 2023 04:43:52: #1  tags after filtering in treatment: 1118504 
INFO  @ Sun, 06 Aug 2023 04:43:52: #1  Redundant rate of treatment: 0.08 
INFO  @ Sun, 06 Aug 2023 04:43:52: #1 finished! 
INFO  @ Sun, 06 Aug 2023 04:43:52: #2 Build Peak Model... 
INFO  @ Sun, 06 Aug 2023 04:43:52: #2 looking for paired plus/minus strand peaks... 
INFO  @ Sun, 06 Aug 2023 04:43:52: #2 number of paired peaks: 12185 
INFO  @ Sun, 06 Aug 2023 04:43:52: start model_add_line... 
INFO  @ Sun, 06 Aug 2023 04:43:52: start X-correlation... 
INFO  @ Sun, 06 Aug 2023 04:43:52: end of X-cor 
INFO  @ Sun, 06 Aug 2023 04:43:52: #2 finished! 
INFO  @ Sun, 06 Aug 2023 04:43:52: #2 predicted fragment length is 296 bps 
INFO  @ Sun, 06 Aug 2023 04:43:52: #2 alternative fragment length(s) may be 296 bps 
INFO  @ Sun, 06 Aug 2023 04:43:52: #2.2 Generate R script for model : results/macs2/GSM1102793_CD14_H3K4me1_hg19_model.r 
INFO  @ Sun, 06 Aug 2023 04:43:52: #3 Call peaks... 
INFO  @ Sun, 06 Aug 2023 04:43:52: #3 Pre-compute pvalue-qvalue table... 
INFO  @ Sun, 06 Aug 2023 04:43:58: #3 Call peaks for each chromosome... 
INFO  @ Sun, 06 Aug 2023 04:44:00: #4 Write output xls file... results/macs2/GSM1102793_CD14_H3K4me1_hg19_peaks.xls 
INFO  @ Sun, 06 Aug 2023 04:44:00: #4 Write peak in narrowPeak format file... results/macs2/GSM1102793_CD14_H3K4me1_hg19_peaks.narrowPeak 
INFO  @ Sun, 06 Aug 2023 04:44:00: #4 Write summits bed file... results/macs2/GSM1102793_CD14_H3K4me1_hg19_summits.bed 
INFO  @ Sun, 06 Aug 2023 04:44:00: Done! 
