Sender: LSF System <lsfadmin@compute1-exec-99.ris.wustl.edu>
Subject: Job 96183: <sj32.call_peak.244.sample=GSM1102797_CD14_H3K4me3.genome=hg19> in cluster <compute1-lsf> Done

Job <sj32.call_peak.244.sample=GSM1102797_CD14_H3K4me3.genome=hg19> was submitted from host <compute1-exec-78.ris.wustl.edu> by user <carisa> in cluster <compute1-lsf> at Thu Aug  3 18:12:42 2023
Job was executed on host(s) <compute1-exec-99.ris.wustl.edu>, in queue <general>, as user <carisa> in cluster <compute1-lsf> at Thu Aug  3 18:12:45 2023
</home/carisa> was used as the home directory.
</home/carisa> was used as the working directory.
Started at Thu Aug  3 18:12:45 2023
Terminated at Thu Aug  3 18:13:40 2023
Results reported at Thu Aug  3 18:13:40 2023

Your job looked like:

------------------------------------------------------------
# LSBATCH: User input
/scratch1/fs1/martyomov/carisa/chipseq-smk-pipeline-edu/.snakemake/tmp.ccifxpri/snakejob.call_peak.32.sh
------------------------------------------------------------

Successfully completed.

Resource usage summary:

    CPU time :                                   16.30 sec.
    Max Memory :                                 105116532 MB
    Average Memory :                             11679696.00 MB
    Total Requested Memory :                     4000.00 MB
    Delta Memory :                               -105112528.00 MB
    Max Swap :                                   295 MB
    Max Processes :                              12
    Max Threads :                                25
    Run time :                                   55 sec.
    Turnaround time :                            58 sec.

The output (if any) follows:

6.4.1_conda4.10.1_py38: Pulling from biolabs/snakemake
852e50cd189d: Already exists
a6236801494d: Already exists
679c171d6942: Already exists
a862f6964260: Already exists
8f084f4ae85d: Already exists
28c366f1dc2e: Already exists
9137c0f3b9db: Pulling fs layer
cd2ed8e3e644: Pulling fs layer
030448aace82: Pulling fs layer
052067605b97: Pulling fs layer
c21e5468129b: Pulling fs layer
8aad774f5547: Pulling fs layer
25cad337c868: Pulling fs layer
030448aace82: Download complete
774f229b4cb1: Pulling fs layer
cd2ed8e3e644: Download complete
c3b134f9be85: Pulling fs layer
c21e5468129b: Download complete
052067605b97: Download complete
5e734207fbcb: Pulling fs layer
8aad774f5547: Download complete
774f229b4cb1: Download complete
25cad337c868: Download complete
e84b271bb802: Pulling fs layer
c3b134f9be85: Download complete
1286bffe0528: Pulling fs layer
5e734207fbcb: Download complete
e2fac4700a3f: Pulling fs layer
478bbed8ac76: Pulling fs layer
e84b271bb802: Download complete
224f7a661e21: Pulling fs layer
1286bffe0528: Download complete
7b92d7f1ac3b: Pulling fs layer
e2fac4700a3f: Download complete
331f88574e4b: Pulling fs layer
fb497a18a01a: Pulling fs layer
478bbed8ac76: Download complete
7b92d7f1ac3b: Download complete
0ace49a24c5f: Pulling fs layer
1fdca6280f5a: Pulling fs layer
331f88574e4b: Download complete
fb497a18a01a: Download complete
5cb266913c45: Pulling fs layer
0ace49a24c5f: Waiting
f5363ec7b756: Pulling fs layer
1fdca6280f5a: Waiting
f5363ec7b756: Waiting
5cb266913c45: Waiting
0ace49a24c5f: Download complete
1fdca6280f5a: Download complete
5cb266913c45: Download complete
f5363ec7b756: Verifying Checksum
f5363ec7b756: Download complete
9137c0f3b9db: Pull complete
cd2ed8e3e644: Pull complete
030448aace82: Pull complete
052067605b97: Pull complete
c21e5468129b: Pull complete
8aad774f5547: Pull complete
224f7a661e21: Verifying Checksum
224f7a661e21: Download complete
25cad337c868: Pull complete
774f229b4cb1: Pull complete
c3b134f9be85: Pull complete
5e734207fbcb: Pull complete
e84b271bb802: Pull complete
1286bffe0528: Pull complete
e2fac4700a3f: Pull complete
478bbed8ac76: Pull complete
224f7a661e21: Pull complete
7b92d7f1ac3b: Pull complete
331f88574e4b: Pull complete
fb497a18a01a: Pull complete
0ace49a24c5f: Pull complete
1fdca6280f5a: Pull complete
5cb266913c45: Pull complete
f5363ec7b756: Pull complete
Digest: sha256:4a116138b9e4dee13601f82e5f9fe30557c648a466624fa8dd0400f39a74c8aa
Status: Image is up to date for biolabs/snakemake:6.4.1_conda4.10.1_py38
docker.io/biolabs/snakemake:6.4.1_conda4.10.1_py38
Cmdline: cmd_wrapper.sh /home/carisa/.lsbatch/1691104362.96183
Set TMPDIR from $__LSF_JOB_TMPDIR__
Job uses tempdir: TMPDIR=/tmp/96183.tmpdir
Building DAG of jobs...
Using shell: /bin/bash
Provided cores: 32
Rules claiming more threads will be scaled down.
Job counts:
	count	jobs
	1	call_peak
	1
Select jobs to execute...

[Thu Aug  3 23:13:27 2023]
rule call_peak:
    input: results/bams_sorted/GSM1102797_CD14_H3K4me3_hg19.sorted.bam
    output: results/macs2/GSM1102797_CD14_H3K4me3_hg19_peaks.xls, results/macs2/GSM1102797_CD14_H3K4me3_hg19_peaks.narrowPeak
    log: logs/macs2/GSM1102797_CD14_H3K4me3_hg19_callpeak.log
    jobid: 0
    wildcards: sample=GSM1102797_CD14_H3K4me3, genome=hg19

python -c "import sys; print('.'.join(map(str, sys.version_info[:2])))"
Activating conda environment: /scratch1/fs1/martyomov/carisa/chipseq-smk-pipeline-edu/.snakemake/conda/dfdd8dbba663206f3cd284790cdc82a8
python /scratch1/fs1/martyomov/carisa/chipseq-smk-pipeline-edu/.snakemake/scripts/tmphk7ztj6b.wrapper.py
Activating conda environment: /scratch1/fs1/martyomov/carisa/chipseq-smk-pipeline-edu/.snakemake/conda/dfdd8dbba663206f3cd284790cdc82a8
(macs2 callpeak -t results/bams_sorted/GSM1102797_CD14_H3K4me3_hg19.sorted.bam  --outdir results/macs2 -n GSM1102797_CD14_H3K4me3_hg19 -f BAM -g hs)  > logs/macs2/GSM1102797_CD14_H3K4me3_hg19_callpeak.log 2>&1
[Thu Aug  3 23:13:35 2023]
Finished job 0.
1 of 1 steps (100%) done
